I, [2023-12-03T17:56:25.147707 #63750]  INFO -- default-r1: -----> Converging <default-r1>...
I, [2023-12-03T17:56:25.148219 #63750]  INFO -- default-r1: Preparing files for transfer
I, [2023-12-03T17:56:25.148298 #63750]  INFO -- default-r1: Preparing playbook
I, [2023-12-03T17:56:25.148573 #63750]  INFO -- default-r1: Preparing inventory
I, [2023-12-03T17:56:25.148645 #63750]  INFO -- default-r1: Preparing modules
I, [2023-12-03T17:56:25.148799 #63750]  INFO -- default-r1: nothing to do for modules
I, [2023-12-03T17:56:25.148844 #63750]  INFO -- default-r1: Preparing roles
I, [2023-12-03T17:56:25.162029 #63750]  INFO -- default-r1: Preparing ansible.cfg file
I, [2023-12-03T17:56:25.162163 #63750]  INFO -- default-r1: Empty ansible.cfg generated
I, [2023-12-03T17:56:25.162256 #63750]  INFO -- default-r1: Preparing group_vars
I, [2023-12-03T17:56:25.162370 #63750]  INFO -- default-r1: nothing to do for group_vars
I, [2023-12-03T17:56:25.162431 #63750]  INFO -- default-r1: Preparing additional_copy_path
I, [2023-12-03T17:56:25.162522 #63750]  INFO -- default-r1: Preparing host_vars
I, [2023-12-03T17:56:25.162649 #63750]  INFO -- default-r1: nothing to do for host_vars
I, [2023-12-03T17:56:25.162702 #63750]  INFO -- default-r1: Preparing hosts file
I, [2023-12-03T17:56:25.162827 #63750]  INFO -- default-r1: Preparing spec
I, [2023-12-03T17:56:25.162915 #63750]  INFO -- default-r1: nothing to do for spec
I, [2023-12-03T17:56:25.162961 #63750]  INFO -- default-r1: Preparing library plugins
I, [2023-12-03T17:56:25.163099 #63750]  INFO -- default-r1: nothing to do for library plugins
I, [2023-12-03T17:56:25.163135 #63750]  INFO -- default-r1: Preparing callback plugins
I, [2023-12-03T17:56:25.163267 #63750]  INFO -- default-r1: nothing to do for callback plugins
I, [2023-12-03T17:56:25.163303 #63750]  INFO -- default-r1: Preparing filter_plugins
I, [2023-12-03T17:56:25.163430 #63750]  INFO -- default-r1: nothing to do for filter_plugins
I, [2023-12-03T17:56:25.163466 #63750]  INFO -- default-r1: Preparing lookup_plugins
I, [2023-12-03T17:56:25.163582 #63750]  INFO -- default-r1: nothing to do for lookup_plugins
I, [2023-12-03T17:56:25.163657 #63750]  INFO -- default-r1: Preparing ansible vault password
I, [2023-12-03T17:56:25.163753 #63750]  INFO -- default-r1: Preparing additional_ssh_private_keys
I, [2023-12-03T17:56:25.163828 #63750]  INFO -- default-r1: nothing to do for additional_ssh_private_keys
I, [2023-12-03T17:56:25.163871 #63750]  INFO -- default-r1: Finished Preparing files for transfer
I, [2023-12-03T17:56:25.432615 #63750]  INFO -- default-r1: Transferring files to <default-r1>
I, [2023-12-03T17:56:28.120346 #63750]  INFO -- default-r1: [0;34mUsing /etc/ansible/ansible.cfg as config file[0m
I, [2023-12-03T17:56:28.137689 #63750]  INFO -- default-r1: [1;35m[WARNING]: Invalid characters were found in group names but not replaced, use[0m
I, [2023-12-03T17:56:28.138114 #63750]  INFO -- default-r1: [1;35m-vvvv to see details[0m
I, [2023-12-03T17:56:28.592636 #63750]  INFO -- default-r1: 
I, [2023-12-03T17:56:28.593079 #63750]  INFO -- default-r1: PLAY [Apply Ansible Playbook to Vagrant VMs] ***********************************
I, [2023-12-03T17:56:28.623761 #63750]  INFO -- default-r1: 
I, [2023-12-03T17:56:28.624499 #63750]  INFO -- default-r1: TASK [Gathering Facts] *********************************************************
I, [2023-12-03T17:56:32.445310 #63750]  INFO -- default-r1: [1;35m[WARNING]: Platform linux on host localhost is using the discovered Python[0m
I, [2023-12-03T17:56:32.449070 #63750]  INFO -- default-r1: [1;35minterpreter at /usr/bin/python, but future installation of another Python[0m
I, [2023-12-03T17:56:32.449467 #63750]  INFO -- default-r1: [1;35minterpreter could change this. See https://docs.ansible.com/ansible/2.9/referen[0m
I, [2023-12-03T17:56:32.449834 #63750]  INFO -- default-r1: [1;35mce_appendices/interpreter_discovery.html for more information.[0m
I, [2023-12-03T17:56:32.450153 #63750]  INFO -- default-r1: [0;32mok: [localhost][0m
I, [2023-12-03T17:56:32.497363 #63750]  INFO -- default-r1: 
I, [2023-12-03T17:56:32.498190 #63750]  INFO -- default-r1: TASK [Testavimo tikslais] ******************************************************
I, [2023-12-03T17:56:32.574194 #63750]  INFO -- default-r1: [0;33mchanged: [localhost] => {"changed": true, "rc": 0, "stderr": "", "stderr_lines": [], "stdout": "", "stdout_lines": []}[0m
I, [2023-12-03T17:56:32.582951 #63750]  INFO -- default-r1: 
I, [2023-12-03T17:56:32.584139 #63750]  INFO -- default-r1: PLAY [Configure BGP] ***********************************************************
I, [2023-12-03T17:56:32.638109 #63750]  INFO -- default-r1: 
I, [2023-12-03T17:56:32.638642 #63750]  INFO -- default-r1: TASK [Gathering Facts] *********************************************************
I, [2023-12-03T17:56:35.445716 #63750]  INFO -- default-r1: [0;32mok: [localhost][0m
I, [2023-12-03T17:56:35.509466 #63750]  INFO -- default-r1: 
I, [2023-12-03T17:56:35.510092 #63750]  INFO -- default-r1: TASK [Create hellotxt on r1, testavimo tikslais] *******************************
I, [2023-12-03T17:56:35.671473 #63750]  INFO -- default-r1: [0;31mfatal: [localhost]: FAILED! => {"msg": "The conditional check 'hostname == 'r1'' failed. The error was: error while evaluating conditional (hostname == 'r1'): 'hostname' is undefined\n\nThe error appears to be in '/tmp/kitchen/playbook.yml': line 14, column 7, but may\nbe elsewhere in the file depending on the exact syntax problem.\n\nThe offending line appears to be:\n\n  tasks:\n    - name: Create hellotxt on r1, testavimo tikslais\n      ^ here\n"}[0m
I, [2023-12-03T17:56:35.677818 #63750]  INFO -- default-r1: 
I, [2023-12-03T17:56:35.678353 #63750]  INFO -- default-r1: PLAY RECAP *********************************************************************
I, [2023-12-03T17:56:35.679296 #63750]  INFO -- default-r1: [0;31mlocalhost[0m                  : [0;32mok=3   [0m [0;33mchanged=1   [0m unreachable=0    [0;31mfailed=1   [0m skipped=0    rescued=0    ignored=0   
I, [2023-12-03T17:56:35.679924 #63750]  INFO -- default-r1: 
E, [2023-12-03T17:56:35.828544 #63750] ERROR -- default-r1: Converge failed on instance <default-r1>.
E, [2023-12-03T17:56:35.828770 #63750] ERROR -- default-r1: ------Exception-------
E, [2023-12-03T17:56:35.828809 #63750] ERROR -- default-r1: Class: Kitchen::ActionFailed
E, [2023-12-03T17:56:35.828835 #63750] ERROR -- default-r1: Message: SSH exited (2) for command: [          
          
          ANSIBLE_ROLES_PATH=/tmp/kitchen/roles sudo -E -s  ansible-playbook -i /tmp/kitchen/hosts  -c local -M /tmp/kitchen/modules -v         /tmp/kitchen/playbook.yml
]
E, [2023-12-03T17:56:35.830232 #63750] ERROR -- default-r1: ----------------------
E, [2023-12-03T17:56:35.830280 #63750] ERROR -- default-r1: ------Backtrace-------
E, [2023-12-03T17:56:35.830306 #63750] ERROR -- default-r1: /var/lib/gems/2.7.0/gems/test-kitchen-3.5.1/lib/kitchen/provisioner/base.rb:99:in `rescue in call'
E, [2023-12-03T17:56:35.830333 #63750] ERROR -- default-r1: /var/lib/gems/2.7.0/gems/test-kitchen-3.5.1/lib/kitchen/provisioner/base.rb:98:in `call'
E, [2023-12-03T17:56:35.830359 #63750] ERROR -- default-r1: /var/lib/gems/2.7.0/gems/test-kitchen-3.5.1/lib/kitchen/instance.rb:419:in `block in converge_action'
E, [2023-12-03T17:56:35.830382 #63750] ERROR -- default-r1: /var/lib/gems/2.7.0/gems/test-kitchen-3.5.1/lib/kitchen/instance.rb:563:in `synchronize_or_call'
E, [2023-12-03T17:56:35.830404 #63750] ERROR -- default-r1: /var/lib/gems/2.7.0/gems/test-kitchen-3.5.1/lib/kitchen/instance.rb:524:in `block in action'
E, [2023-12-03T17:56:35.830465 #63750] ERROR -- default-r1: /usr/lib/ruby/2.7.0/benchmark.rb:293:in `measure'
E, [2023-12-03T17:56:35.830492 #63750] ERROR -- default-r1: /var/lib/gems/2.7.0/gems/test-kitchen-3.5.1/lib/kitchen/instance.rb:523:in `action'
E, [2023-12-03T17:56:35.830516 #63750] ERROR -- default-r1: /var/lib/gems/2.7.0/gems/test-kitchen-3.5.1/lib/kitchen/instance.rb:414:in `converge_action'
E, [2023-12-03T17:56:35.830539 #63750] ERROR -- default-r1: /var/lib/gems/2.7.0/gems/test-kitchen-3.5.1/lib/kitchen/instance.rb:392:in `block (2 levels) in transition_to'
E, [2023-12-03T17:56:35.830577 #63750] ERROR -- default-r1: /var/lib/gems/2.7.0/gems/test-kitchen-3.5.1/lib/kitchen/lifecycle_hooks.rb:47:in `run_with_hooks'
E, [2023-12-03T17:56:35.830601 #63750] ERROR -- default-r1: /var/lib/gems/2.7.0/gems/test-kitchen-3.5.1/lib/kitchen/instance.rb:391:in `block in transition_to'
E, [2023-12-03T17:56:35.830622 #63750] ERROR -- default-r1: /var/lib/gems/2.7.0/gems/test-kitchen-3.5.1/lib/kitchen/instance.rb:390:in `each'
E, [2023-12-03T17:56:35.830644 #63750] ERROR -- default-r1: /var/lib/gems/2.7.0/gems/test-kitchen-3.5.1/lib/kitchen/instance.rb:390:in `transition_to'
E, [2023-12-03T17:56:35.830666 #63750] ERROR -- default-r1: /var/lib/gems/2.7.0/gems/test-kitchen-3.5.1/lib/kitchen/instance.rb:139:in `converge'
E, [2023-12-03T17:56:35.830696 #63750] ERROR -- default-r1: /var/lib/gems/2.7.0/gems/test-kitchen-3.5.1/lib/kitchen/command.rb:195:in `public_send'
E, [2023-12-03T17:56:35.830724 #63750] ERROR -- default-r1: /var/lib/gems/2.7.0/gems/test-kitchen-3.5.1/lib/kitchen/command.rb:195:in `run_action_in_thread'
E, [2023-12-03T17:56:35.830747 #63750] ERROR -- default-r1: /var/lib/gems/2.7.0/gems/test-kitchen-3.5.1/lib/kitchen/command.rb:166:in `block (2 levels) in run_action'
E, [2023-12-03T17:56:35.830771 #63750] ERROR -- default-r1: ----End Backtrace-----
E, [2023-12-03T17:56:35.830791 #63750] ERROR -- default-r1: ---Nested Exception---
E, [2023-12-03T17:56:35.830813 #63750] ERROR -- default-r1: Class: Kitchen::Transport::SshFailed
E, [2023-12-03T17:56:35.830846 #63750] ERROR -- default-r1: Message: SSH exited (2) for command: [          
          
          ANSIBLE_ROLES_PATH=/tmp/kitchen/roles sudo -E -s  ansible-playbook -i /tmp/kitchen/hosts  -c local -M /tmp/kitchen/modules -v         /tmp/kitchen/playbook.yml
]
E, [2023-12-03T17:56:35.830870 #63750] ERROR -- default-r1: ----------------------
E, [2023-12-03T17:56:35.830893 #63750] ERROR -- default-r1: ------Backtrace-------
E, [2023-12-03T17:56:35.830916 #63750] ERROR -- default-r1: /var/lib/gems/2.7.0/gems/test-kitchen-3.5.1/lib/kitchen/provisioner/base.rb:99:in `rescue in call'
E, [2023-12-03T17:56:35.830941 #63750] ERROR -- default-r1: /var/lib/gems/2.7.0/gems/test-kitchen-3.5.1/lib/kitchen/provisioner/base.rb:98:in `call'
E, [2023-12-03T17:56:35.830965 #63750] ERROR -- default-r1: /var/lib/gems/2.7.0/gems/test-kitchen-3.5.1/lib/kitchen/instance.rb:419:in `block in converge_action'
E, [2023-12-03T17:56:35.830988 #63750] ERROR -- default-r1: /var/lib/gems/2.7.0/gems/test-kitchen-3.5.1/lib/kitchen/instance.rb:563:in `synchronize_or_call'
E, [2023-12-03T17:56:35.831041 #63750] ERROR -- default-r1: /var/lib/gems/2.7.0/gems/test-kitchen-3.5.1/lib/kitchen/instance.rb:524:in `block in action'
E, [2023-12-03T17:56:35.831103 #63750] ERROR -- default-r1: /usr/lib/ruby/2.7.0/benchmark.rb:293:in `measure'
E, [2023-12-03T17:56:35.831147 #63750] ERROR -- default-r1: /var/lib/gems/2.7.0/gems/test-kitchen-3.5.1/lib/kitchen/instance.rb:523:in `action'
E, [2023-12-03T17:56:35.831182 #63750] ERROR -- default-r1: /var/lib/gems/2.7.0/gems/test-kitchen-3.5.1/lib/kitchen/instance.rb:414:in `converge_action'
E, [2023-12-03T17:56:35.831225 #63750] ERROR -- default-r1: /var/lib/gems/2.7.0/gems/test-kitchen-3.5.1/lib/kitchen/instance.rb:392:in `block (2 levels) in transition_to'
E, [2023-12-03T17:56:35.831264 #63750] ERROR -- default-r1: /var/lib/gems/2.7.0/gems/test-kitchen-3.5.1/lib/kitchen/lifecycle_hooks.rb:47:in `run_with_hooks'
E, [2023-12-03T17:56:35.831308 #63750] ERROR -- default-r1: /var/lib/gems/2.7.0/gems/test-kitchen-3.5.1/lib/kitchen/instance.rb:391:in `block in transition_to'
E, [2023-12-03T17:56:35.831353 #63750] ERROR -- default-r1: /var/lib/gems/2.7.0/gems/test-kitchen-3.5.1/lib/kitchen/instance.rb:390:in `each'
E, [2023-12-03T17:56:35.831392 #63750] ERROR -- default-r1: /var/lib/gems/2.7.0/gems/test-kitchen-3.5.1/lib/kitchen/instance.rb:390:in `transition_to'
E, [2023-12-03T17:56:35.831431 #63750] ERROR -- default-r1: /var/lib/gems/2.7.0/gems/test-kitchen-3.5.1/lib/kitchen/instance.rb:139:in `converge'
E, [2023-12-03T17:56:35.831494 #63750] ERROR -- default-r1: /var/lib/gems/2.7.0/gems/test-kitchen-3.5.1/lib/kitchen/command.rb:195:in `public_send'
E, [2023-12-03T17:56:35.831534 #63750] ERROR -- default-r1: /var/lib/gems/2.7.0/gems/test-kitchen-3.5.1/lib/kitchen/command.rb:195:in `run_action_in_thread'
E, [2023-12-03T17:56:35.831577 #63750] ERROR -- default-r1: /var/lib/gems/2.7.0/gems/test-kitchen-3.5.1/lib/kitchen/command.rb:166:in `block (2 levels) in run_action'
E, [2023-12-03T17:56:35.831616 #63750] ERROR -- default-r1: ----End Backtrace-----
